<?xml version="1.0" encoding="UTF-8"?>
<!-- Generated by org.testng.reporters.JUnitReportReporter -->
<testsuite skipped="0" hostname="DESKTOP-BAELDDL" name="day2.NegativeContactListTest" tests="3" failures="0" timestamp="08 Oct 2021 07:27:13 GMT" time="4.049" errors="0">
  <testcase name="addingContactMissingparameter" time="2.752" classname="day2.NegativeContactListTest"/>
  <testcase name="addingContactWithMaxLen" time="0.647" classname="day2.NegativeContactListTest"/>
  <testcase name="recordNotFound" time="0.650" classname="day2.NegativeContactListTest"/>
</testsuite> <!-- day2.NegativeContactListTest -->
