<?xml version="1.0" encoding="UTF-8"?>
<!-- Generated by org.testng.reporters.JUnitReportReporter -->
<testsuite skipped="2" hostname="DESKTOP-BAELDDL" name="day2.PositiveContactListTest" tests="6" failures="0" timestamp="08 Oct 2021 06:25:28 GMT" time="4.084" errors="0">
  <testcase name="AddContact" time="2.369" classname="day2.PositiveContactListTest"/>
  <testcase name="updateContact" time="0.567" classname="day2.PositiveContactListTest"/>
  <testcase name="getSpecificContact2" time="0.575" classname="day2.PositiveContactListTest"/>
  <testcase name="deleteContact" time="0.573" classname="day2.PositiveContactListTest"/>
  <testcase name="getContactListInfo" classname="day2.PositiveContactListTest">
    <skipped/>
  </testcase> <!-- getContactListInfo -->
  <testcase name="getSpecificContact" classname="day2.PositiveContactListTest">
    <skipped/>
  </testcase> <!-- getSpecificContact -->
</testsuite> <!-- day2.PositiveContactListTest -->
